<?xml version="1.0" encoding="UTF-8"?>
<!-- Generated by org.testng.reporters.JUnitReportReporter -->
<testsuite skipped="0" hostname="DESKTOP-UI79ED7" name="com.company.project.WebTest" tests="2" failures="0" timestamp="28 Apr 2020 20:29:36 GMT" time="0.015" errors="0">
  <testcase name="login" time="0.000" classname="com.company.project.WebTest"/>
  <testcase name="browser" time="0.015" classname="com.company.project.WebTest"/>
</testsuite> <!-- com.company.project.WebTest -->
