<?xml version="1.0" encoding="UTF-8"?>
<!-- Generated by org.testng.reporters.JUnitReportReporter -->
<testsuite skipped="0" hostname="DESKTOP-UI79ED7" name="com.company.project.MobileTest" tests="2" failures="0" timestamp="2020-04-28T14:53:07 EDT" time="0.000" errors="0">
  <testcase name="browser" time="0.000" classname="com.company.project.MobileTest"/>
  <system-out/>
  <testcase name="login" time="0.000" classname="com.company.project.MobileTest"/>
  <system-out/>
</testsuite> <!-- com.company.project.MobileTest -->
